<?xml version="1.0" encoding="UTF-8"?>
<testsuite name="com.plog.backend.PlogApplicationTests" tests="1" skipped="0" failures="0" errors="0" timestamp="2024-09-06T05:20:08" hostname="DESKTOP-MMCQPV1" time="0.255">
  <properties/>
  <testcase name="contextLoads()" classname="com.plog.backend.PlogApplicationTests" time="0.255"/>
  <system-out><![CDATA[14:20:02.784 [Test worker] INFO org.springframework.test.context.support.AnnotationConfigContextLoaderUtils -- Could not detect default configuration classes for test class [com.plog.backend.PlogApplicationTests]: PlogApplicationTests does not declare any static, non-private, non-final, nested classes annotated with @Configuration.
14:20:02.869 [Test worker] INFO org.springframework.boot.test.context.SpringBootTestContextBootstrapper -- Found @SpringBootConfiguration com.plog.backend.PlogApplication for test class com.plog.backend.PlogApplicationTests

  .   ____          _            __ _ _
 /\\ / ___'_ __ _ _(_)_ __  __ _ \ \ \ \
( ( )\___ | '_ | '_| | '_ \/ _` | \ \ \ \
 \\/  ___)| |_)| | | | | || (_| |  ) ) ) )
  '  |____| .__|_| |_|_| |_\__, | / / / /
 =========|_|==============|___/=/_/_/_/

 :: Spring Boot ::                (v3.3.3)

2024-09-06T14:20:03.138+09:00  WARN 20100 --- [Back-end] [    Test worker] ory$DuplicateJsonObjectContextCustomizer : 

Found multiple occurrences of org.json.JSONObject on the class path:

	jar:file:/C:/Users/SSAFY/.gradle/caches/modules-2/files-2.1/org.json/json/20210307/528c8df3757e8bcf151817b1d7b9b434f6aa08d5/json-20210307.jar!/org/json/JSONObject.class
	jar:file:/C:/Users/SSAFY/.gradle/caches/modules-2/files-2.1/com.vaadin.external.google/android-json/0.0.20131108.vaadin1/fa26d351fe62a6a17f5cda1287c1c6110dec413f/android-json-0.0.20131108.vaadin1.jar!/org/json/JSONObject.class

You may wish to exclude one of them to ensure predictable runtime behavior

2024-09-06T14:20:03.142+09:00  INFO 20100 --- [Back-end] [    Test worker] com.plog.backend.PlogApplicationTests    : Starting PlogApplicationTests using Java 17.0.11 with PID 20100 (started by SSAFY in C:\Users\SSAFY\Desktop\workspace\S11P21B205\Plog)
2024-09-06T14:20:03.142+09:00  INFO 20100 --- [Back-end] [    Test worker] com.plog.backend.PlogApplicationTests    : The following 1 profile is active: "key"
2024-09-06T14:20:03.739+09:00  INFO 20100 --- [Back-end] [    Test worker] .s.d.r.c.RepositoryConfigurationDelegate : Bootstrapping Spring Data JPA repositories in DEFAULT mode.
2024-09-06T14:20:03.786+09:00  INFO 20100 --- [Back-end] [    Test worker] .s.d.r.c.RepositoryConfigurationDelegate : Finished Spring Data repository scanning in 39 ms. Found 2 JPA repository interfaces.
2024-09-06T14:20:04.024+09:00  WARN 20100 --- [Back-end] [    Test worker] trationDelegate$BeanPostProcessorChecker : Bean 'org.springframework.ws.config.annotation.DelegatingWsConfiguration' of type [org.springframework.ws.config.annotation.DelegatingWsConfiguration$$SpringCGLIB$$0] is not eligible for getting processed by all BeanPostProcessors (for example: not eligible for auto-proxying). The currently created BeanPostProcessor [annotationActionEndpointMapping] is declared through a non-static factory method on that class; consider declaring it as static instead.
2024-09-06T14:20:04.040+09:00  INFO 20100 --- [Back-end] [    Test worker] .w.s.a.s.AnnotationActionEndpointMapping : Supporting [WS-Addressing August 2004, WS-Addressing 1.0]
2024-09-06T14:20:04.325+09:00  INFO 20100 --- [Back-end] [    Test worker] o.hibernate.jpa.internal.util.LogHelper  : HHH000204: Processing PersistenceUnitInfo [name: default]
2024-09-06T14:20:04.472+09:00  INFO 20100 --- [Back-end] [    Test worker] org.hibernate.Version                    : HHH000412: Hibernate ORM core version 6.5.2.Final
2024-09-06T14:20:04.556+09:00  INFO 20100 --- [Back-end] [    Test worker] o.h.c.internal.RegionFactoryInitiator    : HHH000026: Second-level cache disabled
2024-09-06T14:20:04.673+09:00  INFO 20100 --- [Back-end] [    Test worker] com.zaxxer.hikari.HikariDataSource       : HikariPool-1 - Starting...
2024-09-06T14:20:05.111+09:00  INFO 20100 --- [Back-end] [    Test worker] com.zaxxer.hikari.pool.HikariPool        : HikariPool-1 - Added connection org.postgresql.jdbc.PgConnection@32a4ea4e
2024-09-06T14:20:05.111+09:00  INFO 20100 --- [Back-end] [    Test worker] com.zaxxer.hikari.HikariDataSource       : HikariPool-1 - Start completed.
2024-09-06T14:20:05.392+09:00  INFO 20100 --- [Back-end] [    Test worker] o.s.o.j.p.SpringPersistenceUnitInfo      : No LoadTimeWeaver setup: ignoring JPA class transformer
2024-09-06T14:20:06.029+09:00  INFO 20100 --- [Back-end] [    Test worker] o.h.e.t.j.p.i.JtaPlatformInitiator       : HHH000489: No JTA platform available (set 'hibernate.transaction.jta.platform' to enable JTA platform integration)
2024-09-06T14:20:06.181+09:00  INFO 20100 --- [Back-end] [    Test worker] j.LocalContainerEntityManagerFactoryBean : Initialized JPA EntityManagerFactory for persistence unit 'default'
2024-09-06T14:20:06.908+09:00  INFO 20100 --- [Back-end] [    Test worker] r$InitializeUserDetailsManagerConfigurer : Global AuthenticationManager configured with UserDetailsService bean with name customUserDetailsService
2024-09-06T14:20:08.363+09:00  WARN 20100 --- [Back-end] [    Test worker] ion$DefaultTemplateResolverConfiguration : Cannot find template location: classpath:/templates/ (please add some templates, check your Thymeleaf configuration, or set spring.thymeleaf.check-template-location=false)
2024-09-06T14:20:08.533+09:00  INFO 20100 --- [Back-end] [    Test worker] com.plog.backend.PlogApplicationTests    : Started PlogApplicationTests in 5.561 seconds (process running for 6.322)
]]></system-out>
  <system-err><![CDATA[]]></system-err>
</testsuite>
